<?xml version="1.0" encoding="UTF-8"?>
<!-- Generated by org.testng.reporters.JUnitReportReporter -->
<testsuite hostname="Mugesh" failures="0" tests="5" name="TestNgBasics.MultiDimensionalArray" time="77.841" errors="0" timestamp="2024-04-01T14:08:23 IST" skipped="0">
  <testcase classname="TestNgBasics.MultiDimensionalArray" name="register_001" time="14.611"/>
  <testcase classname="TestNgBasics.MultiDimensionalArray" name="register_001" time="16.505"/>
  <testcase classname="TestNgBasics.MultiDimensionalArray" name="register_001" time="17.099"/>
  <testcase classname="TestNgBasics.MultiDimensionalArray" name="register_001" time="16.412"/>
  <testcase classname="TestNgBasics.MultiDimensionalArray" name="register_001" time="13.214"/>
</testsuite> <!-- TestNgBasics.MultiDimensionalArray -->
